生成启动时间为 2012/12/6 20:32:26。
     1>项目“D:\JoyCode\VS2010\operator_plusplus\operator_plusplus.vcxproj”在节点 2 上(build 个目标)。
     1>InitializeBuildStatus:
         正在创建“Debug\operator_plusplus.unsuccessfulbuild”，因为已指定“AlwaysCreate”。
       ClCompile:
         C:\Program Files\Microsoft Visual Studio 10.0\VC\bin\CL.exe /c /ZI /nologo /W3 /WX- /Od /Oy- /D WIN32 /D _DEBUG /D _CONSOLE /D _UNICODE /D UNICODE /Gm /EHsc /RTC1 /MDd /GS /fp:precise /Zc:wchar_t /Zc:forScope /Fo"Debug\\" /Fd"Debug\vc100.pdb" /Gd /TP /analyze- /errorReport:prompt dbdate.cpp
         dbdate.cpp
       ManifestResourceCompile:
         所有输出均为最新。
       Link:
         C:\Program Files\Microsoft Visual Studio 10.0\VC\bin\link.exe /ERRORREPORT:PROMPT /OUT:"D:\JoyCode\VS2010\Debug\operator_plusplus.exe" /INCREMENTAL /NOLOGO kernel32.lib user32.lib gdi32.lib winspool.lib comdlg32.lib advapi32.lib shell32.lib ole32.lib oleaut32.lib uuid.lib odbc32.lib odbccp32.lib /MANIFEST /ManifestFile:"Debug\operator_plusplus.exe.intermediate.manifest" /MANIFESTUAC:"level='asInvoker' uiAccess='false'" /DEBUG /PDB:"D:\JoyCode\VS2010\Debug\operator_plusplus.pdb" /SUBSYSTEM:CONSOLE /TLBID:1 /DYNAMICBASE /NXCOMPAT /IMPLIB:"D:\JoyCode\VS2010\Debug\operator_plusplus.lib" /MACHINE:X86 Debug\operator_plusplus.exe.embed.manifest.res
         Debug\dbdate.obj
         Debug\main.obj
       Manifest:
         C:\Program Files\Microsoft SDKs\Windows\v7.0A\bin\mt.exe /nologo /verbose /out:"Debug\operator_plusplus.exe.embed.manifest" /manifest Debug\operator_plusplus.exe.intermediate.manifest
         所有输出均为最新。
       LinkEmbedManifest:
         所有输出均为最新。
         operator_plusplus.vcxproj -> D:\JoyCode\VS2010\Debug\operator_plusplus.exe
       FinalizeBuildStatus:
         正在删除文件“Debug\operator_plusplus.unsuccessfulbuild”。
         正在对“Debug\operator_plusplus.lastbuildstate”执行 Touch 任务。
     1>已完成生成项目“D:\JoyCode\VS2010\operator_plusplus\operator_plusplus.vcxproj”(build 个目标)的操作。

生成成功。

已用时间 00:00:02.03
